<?xml version="1.0" encoding="UTF-8"?>
<!-- Generated by org.testng.reporters.JUnitReportReporter -->
<testsuite hostname="Dell-PC" name="TestCase.FlightBookingTest" tests="1" failures="0" timestamp="22 Aug 2019 03:56:20 GMT" time="43.195" errors="0">
  <testcase name="testThatResultsAppearForAOneWayJourney" time="43.195" classname="TestCase.FlightBookingTest"/>
</testsuite> <!-- TestCase.FlightBookingTest -->
