<?xml version="1.0" encoding="UTF-8"?>
<!-- Generated by org.testng.reporters.JUnitReportReporter -->
<testsuite hostname="Dell-PC" name="TestCase.FlightBookingTest" tests="1" failures="0" timestamp="21 Aug 2019 20:31:35 GMT" time="56.282" errors="0">
  <testcase name="testThatResultsAppearForAOneWayJourney" time="56.282" classname="TestCase.FlightBookingTest"/>
</testsuite> <!-- TestCase.FlightBookingTest -->
