<?xml version="1.0" encoding="UTF-8"?>
<!-- Generated by org.testng.reporters.JUnitReportReporter -->
<testsuite skipped="0" hostname="Dell-PC" name="com.ust.global.interview.NewTest" tests="2" failures="0" timestamp="19 Dec 2019 17:52:38 GMT" time="0.016" errors="0">
  <testcase name="f" time="0.016" classname="com.ust.global.interview.NewTest"/>
  <testcase name="f" time="0.000" classname="com.ust.global.interview.NewTest"/>
</testsuite> <!-- com.ust.global.interview.NewTest -->
