<?xml version="1.0" encoding="UTF-8"?>
<!-- Generated by org.testng.reporters.JUnitReportReporter -->
<testsuite hostname="Dell-PC" name="TestCase.SignInTest" tests="1" failures="0" timestamp="21 Aug 2019 20:31:35 GMT" time="42.325" errors="0">
  <testcase name="shouldThrowAnErrorIfSignInDetailsAreMissing" time="42.325" classname="TestCase.SignInTest"/>
</testsuite> <!-- TestCase.SignInTest -->
