<?xml version="1.0" encoding="UTF-8"?>
<!-- Generated by org.testng.reporters.JUnitReportReporter -->
<testsuite hostname="Dell-PC" name="Flight.HotelBookingTest" tests="1" failures="0" timestamp="21 Aug 2019 20:26:31 GMT" time="56.439" errors="0">
  <testcase name="shouldBeAbleToSearchForHotels" time="56.439" classname="Flight.HotelBookingTest"/>
</testsuite> <!-- Flight.HotelBookingTest -->
