<?xml version="1.0" encoding="UTF-8"?>
<!-- Generated by org.testng.reporters.JUnitReportReporter -->
<testsuite skipped="0" hostname="Dell-PC" name="TestCase.SignInTest" tests="1" failures="0" timestamp="21 Sep 2019 13:33:30 GMT" time="83.305" errors="0">
  <testcase name="shouldThrowAnErrorIfSignInDetailsAreMissing" time="83.305" classname="TestCase.SignInTest"/>
</testsuite> <!-- TestCase.SignInTest -->
