<?xml version="1.0" encoding="UTF-8"?>
<!-- Generated by org.testng.reporters.JUnitReportReporter -->
<testsuite hostname="Dell-PC" name="TestCase.SignInTest" tests="1" failures="0" timestamp="22 Aug 2019 03:56:20 GMT" time="44.097" errors="0">
  <testcase name="shouldThrowAnErrorIfSignInDetailsAreMissing" time="44.097" classname="TestCase.SignInTest"/>
</testsuite> <!-- TestCase.SignInTest -->
