<?xml version="1.0" encoding="UTF-8"?>
<!-- Generated by org.testng.reporters.JUnitReportReporter -->
<testsuite skipped="0" hostname="Dell-PC" name="com.ust.global.interview.TestNg2" tests="5" failures="0" timestamp="30 Jan 2020 20:00:01 GMT" time="0.000" errors="0">
  <testcase name="third" time="0.000" classname="com.ust.global.interview.TestNg2"/>
  <testcase name="fifth" time="0.000" classname="com.ust.global.interview.TestNg2"/>
  <testcase name="second" time="0.000" classname="com.ust.global.interview.TestNg2"/>
  <testcase name="first" time="0.000" classname="com.ust.global.interview.TestNg2"/>
  <testcase name="fourth" time="0.000" classname="com.ust.global.interview.TestNg2"/>
</testsuite> <!-- com.ust.global.interview.TestNg2 -->
