<?xml version="1.0" encoding="UTF-8"?>
<!-- Generated by org.testng.reporters.JUnitReportReporter -->
<testsuite hostname="Dell-PC" name="Flight.FlightBookingTest" tests="1" failures="0" timestamp="21 Aug 2019 20:26:31 GMT" time="52.600" errors="0">
  <testcase name="testThatResultsAppearForAOneWayJourney" time="52.600" classname="Flight.FlightBookingTest"/>
</testsuite> <!-- Flight.FlightBookingTest -->
