<?xml version="1.0" encoding="UTF-8"?>
<!-- Generated by org.testng.reporters.JUnitReportReporter -->
<testsuite hostname="Dell-PC" name="TestCase.HotelBookingTest" tests="1" failures="0" timestamp="24 Aug 2019 15:20:49 GMT" time="106.073" errors="0">
  <testcase name="shouldBeAbleToSearchForHotels" time="106.073" classname="TestCase.HotelBookingTest"/>
</testsuite> <!-- TestCase.HotelBookingTest -->
