<?xml version="1.0" encoding="UTF-8"?>
<!-- Generated by org.testng.reporters.JUnitReportReporter -->
<testsuite skipped="0" hostname="Dell-PC" name="com.ust.global.interview.TestNgg" tests="15" failures="0" timestamp="30 Jan 2020 20:01:42 GMT" time="0.062" errors="0">
  <testcase name="aa" time="0.015" classname="com.ust.global.interview.TestNgg"/>
  <testcase name="next1" time="0.000" classname="com.ust.global.interview.TestNgg"/>
  <testcase name="aa" time="0.000" classname="com.ust.global.interview.TestNgg"/>
  <testcase name="aa" time="0.000" classname="com.ust.global.interview.TestNgg"/>
  <testcase name="aa" time="0.000" classname="com.ust.global.interview.TestNgg"/>
  <testcase name="aa" time="0.000" classname="com.ust.global.interview.TestNgg"/>
  <testcase name="aa" time="0.016" classname="com.ust.global.interview.TestNgg"/>
  <testcase name="t1" time="0.000" classname="com.ust.global.interview.TestNgg"/>
  <testcase name="aa" time="0.000" classname="com.ust.global.interview.TestNgg"/>
  <testcase name="aa" time="0.000" classname="com.ust.global.interview.TestNgg"/>
  <testcase name="zz" time="0.016" classname="com.ust.global.interview.TestNgg"/>
  <testcase name="aa" time="0.000" classname="com.ust.global.interview.TestNgg"/>
  <testcase name="aa" time="0.000" classname="com.ust.global.interview.TestNgg"/>
  <testcase name="tb" time="0.000" classname="com.ust.global.interview.TestNgg"/>
  <testcase name="excludeGroup" time="0.015" classname="com.ust.global.interview.TestNgg"/>
</testsuite> <!-- com.ust.global.interview.TestNgg -->
