<?xml version="1.0" encoding="UTF-8"?>
<!-- Generated by org.testng.reporters.JUnitReportReporter -->
<testsuite hostname="Dell-PC" name="TestCase.HotelBookingTest" tests="1" failures="0" timestamp="21 Aug 2019 20:31:35 GMT" time="75.513" errors="0">
  <testcase name="shouldBeAbleToSearchForHotels" time="75.513" classname="TestCase.HotelBookingTest"/>
</testsuite> <!-- TestCase.HotelBookingTest -->
