<?xml version="1.0" encoding="UTF-8"?>
<!-- Generated by org.testng.reporters.JUnitReportReporter -->
<testsuite skipped="0" hostname="Dell-PC" name="com.java.interview.HighlighterClass" tests="1" failures="0" timestamp="07 Dec 2019 16:07:19 GMT" time="14.972" errors="0">
  <testcase name="highlighterElement" time="14.972" classname="com.java.interview.HighlighterClass"/>
</testsuite> <!-- com.java.interview.HighlighterClass -->
