<?xml version="1.0" encoding="UTF-8"?>
<!-- Generated by org.testng.reporters.JUnitReportReporter -->
<testsuite hostname="Dell-PC" name="Flight.SignInTest" tests="1" failures="0" timestamp="21 Aug 2019 20:26:31 GMT" time="34.232" errors="0">
  <testcase name="shouldThrowAnErrorIfSignInDetailsAreMissing" time="34.232" classname="Flight.SignInTest"/>
</testsuite> <!-- Flight.SignInTest -->
