<?xml version="1.0" encoding="UTF-8"?>
<!-- Generated by org.testng.reporters.JUnitReportReporter -->
<testsuite hostname="Dell-PC" name="TestCase.FlightBookingTest" tests="1" failures="0" timestamp="24 Aug 2019 15:20:49 GMT" time="59.824" errors="0">
  <testcase name="testThatResultsAppearForAOneWayJourney" time="59.824" classname="TestCase.FlightBookingTest"/>
</testsuite> <!-- TestCase.FlightBookingTest -->
