<?xml version="1.0" encoding="UTF-8"?>
<!-- Generated by org.testng.reporters.JUnitReportReporter -->
<testsuite skipped="0" hostname="Dell-PC" name="com.ust.global.interview.Tc01" tests="1" failures="0" timestamp="26 Nov 2019 19:18:11 GMT" time="26.533" errors="0">
  <testcase name="test" time="26.533" classname="com.ust.global.interview.Tc01"/>
</testsuite> <!-- com.ust.global.interview.Tc01 -->
