<?xml version="1.0" encoding="UTF-8"?>
<!-- Generated by org.testng.reporters.JUnitReportReporter -->
<testsuite hostname="Dell-PC" name="TestCase.HotelBookingTest" tests="1" failures="0" timestamp="22 Aug 2019 03:56:20 GMT" time="55.650" errors="0">
  <testcase name="shouldBeAbleToSearchForHotels" time="55.650" classname="TestCase.HotelBookingTest"/>
</testsuite> <!-- TestCase.HotelBookingTest -->
