<?xml version="1.0" encoding="UTF-8"?>
<!-- Generated by org.testng.reporters.JUnitReportReporter -->
<testsuite hostname="Dell-PC" name="TestCase.SignInTest" tests="1" failures="0" timestamp="24 Aug 2019 15:20:49 GMT" time="52.509" errors="0">
  <testcase name="shouldThrowAnErrorIfSignInDetailsAreMissing" time="52.509" classname="TestCase.SignInTest"/>
</testsuite> <!-- TestCase.SignInTest -->
