<?xml version="1.0" encoding="UTF-8"?>
<!-- Generated by org.testng.reporters.JUnitReportReporter -->
<testsuite skipped="0" hostname="Dell-PC" name="TestCase.SignInTest" tests="1" failures="0" timestamp="21 Sep 2019 17:06:53 GMT" time="41.409" errors="0">
  <testcase name="shouldThrowAnErrorIfSignInDetailsAreMissing" time="41.409" classname="TestCase.SignInTest"/>
</testsuite> <!-- TestCase.SignInTest -->
