<?xml version="1.0" encoding="UTF-8"?>
<!-- Generated by org.testng.reporters.JUnitReportReporter -->
<testsuite hostname="VMEXTPRS17348" name="com.servicenow.ServiceNowPageObjectModel.AppTest" tests="1" failures="0" timestamp="8 Apr 2019 11:20:29 GMT" time="0.003" errors="0">
  <testcase name="shouldAnswerWithTrue" time="0.003" classname="com.servicenow.ServiceNowPageObjectModel.AppTest"/>
</testsuite> <!-- com.servicenow.ServiceNowPageObjectModel.AppTest -->
