<?xml version="1.0" encoding="UTF-8"?>
<!-- Generated by org.testng.reporters.JUnitReportReporter -->
<testsuite skipped="0" hostname="Dell-PC" name="TestCase.SignInTest" tests="1" failures="0" timestamp="28 Sep 2019 12:30:09 GMT" time="55.901" errors="0">
  <testcase name="shouldThrowAnErrorIfSignInDetailsAreMissing" time="55.901" classname="TestCase.SignInTest"/>
</testsuite> <!-- TestCase.SignInTest -->
